[0m14:10:57.753891 [debug] [MainThread]: Sending event: {'category': 'dbt', 'action': 'invocation', 'label': 'start', 'context': [<snowplow_tracker.self_describing_json.SelfDescribingJson object at 0x000001EB9EA951D0>, <snowplow_tracker.self_describing_json.SelfDescribingJson object at 0x000001EB9EA95490>, <snowplow_tracker.self_describing_json.SelfDescribingJson object at 0x000001EB9EA97690>]}


============================== 14:10:57.761903 | 33b2c9b5-1e3a-4f88-b583-7aa4ba6c17d0 ==============================
[0m14:10:57.761903 [info ] [MainThread]: Running with dbt=1.11.4
[0m14:10:57.763896 [debug] [MainThread]: running dbt with arguments {'static_parser': 'True', 'no_print': 'None', 'version_check': 'True', 'warn_error_options': 'WarnErrorOptionsV2(error=[], warn=[], silence=[])', 'target_path': 'None', 'printer_width': '80', 'write_json': 'True', 'introspect': 'True', 'log_cache_events': 'False', 'empty': 'None', 'cache_selected_only': 'False', 'fail_fast': 'False', 'debug': 'False', 'log_format': 'default', 'profiles_dir': 'C:\\Users\\NEHA GUPTA\\.dbt', 'send_anonymous_usage_stats': 'True', 'quiet': 'False', 'warn_error': 'None', 'partial_parse': 'True', 'use_colors': 'True', 'indirect_selection': 'eager', 'invocation_command': 'dbt debug', 'use_experimental_parser': 'False', 'log_path': 'logs'}
[0m14:10:57.803899 [info ] [MainThread]: dbt version: 1.11.4
[0m14:10:57.804890 [info ] [MainThread]: python version: 3.11.4
[0m14:10:57.805926 [info ] [MainThread]: python path: C:\Users\NEHA GUPTA\OneDrive\Desktop\DBT\dbt_env\Scripts\python.exe
[0m14:10:57.806894 [info ] [MainThread]: os info: Windows-10-10.0.26100-SP0
[0m14:10:58.423821 [debug] [MainThread]: Snowflake adapter: Setting snowflake.connector to ERROR (file logging only)
[0m14:10:58.423821 [debug] [MainThread]: Snowflake adapter: Setting botocore to ERROR (file logging only)
[0m14:10:58.424816 [debug] [MainThread]: Snowflake adapter: Setting boto3 to ERROR (file logging only)
[0m14:10:58.478282 [info ] [MainThread]: Using profiles dir at C:\Users\NEHA GUPTA\.dbt
[0m14:10:58.479277 [info ] [MainThread]: Using profiles.yml file at C:\Users\NEHA GUPTA\.dbt\profiles.yml
[0m14:10:58.479277 [info ] [MainThread]: Using dbt_project.yml file at C:\Users\NEHA GUPTA\OneDrive\Desktop\DBT\dbt-snowflake-project\dbt_project.yml
[0m14:10:58.480551 [error] [MainThread]: Encountered an error:
Internal Error
  Profile should not be None if loading profile completed
[0m14:10:58.481565 [debug] [MainThread]: Command `dbt debug` failed at 14:10:58.480551 after 0.82 seconds
[0m14:10:58.481565 [debug] [MainThread]: Sending event: {'category': 'dbt', 'action': 'invocation', 'label': 'end', 'context': [<snowplow_tracker.self_describing_json.SelfDescribingJson object at 0x000001EB97D9EE90>, <snowplow_tracker.self_describing_json.SelfDescribingJson object at 0x000001EB9EA8B350>, <snowplow_tracker.self_describing_json.SelfDescribingJson object at 0x000001EB9EA8AA10>]}
[0m14:10:58.481565 [debug] [MainThread]: Flushing usage events
[0m14:10:59.836601 [debug] [MainThread]: An error was encountered while trying to flush usage events
